<?xml version="1.0" encoding="UTF-8"?>
<!-- Generated by org.testng.reporters.JUnitReportReporter -->
<testsuite hostname="SivaSai" failures="0" tests="3" name="August18.ModifyLogin" time="68.148" errors="0" timestamp="2025-08-19T13:12:50 IST" skipped="0">
  <testcase classname="August18.ModifyLogin" name="negativepass" time="14.817"/>
  <testcase classname="August18.ModifyLogin" name="negativeuser" time="37.260"/>
  <testcase classname="August18.ModifyLogin" name="login" time="16.071"/>
</testsuite> <!-- August18.ModifyLogin -->
