<?xml version="1.0" encoding="UTF-8"?>
<!-- Generated by org.testng.reporters.JUnitReportReporter -->
<testsuite hostname="SivaSai" failures="0" tests="2" name="com.wipro.testing.TestNgSkip" time="7.144" errors="0" timestamp="2025-08-16T15:24:22 IST" skipped="1">
  <testcase classname="com.wipro.testing.TestNgSkip" name="launchbrowser" time="7.144"/>
  <testcase classname="com.wipro.testing.TestNgSkip" name="login">
    <skipped/>
  </testcase> <!-- login -->
</testsuite> <!-- com.wipro.testing.TestNgSkip -->
