<?xml version="1.0" encoding="UTF-8"?>
<!-- Generated by org.testng.reporters.JUnitReportReporter -->
<testsuite hostname="SivaSai" failures="0" tests="1" name="August19.ExcellWrite" time="12.839" errors="0" timestamp="2025-08-19T17:37:43 IST" skipped="0">
  <testcase classname="August19.ExcellWrite" name="login" time="12.839"/>
</testsuite> <!-- August19.ExcellWrite -->
