<?xml version="1.0" encoding="UTF-8"?>
<!-- Generated by org.testng.reporters.JUnitReportReporter -->
<testsuite hostname="SivaSai" failures="0" tests="1" name="August19.ExcelRead" time="17.044" errors="0" timestamp="2025-08-19T17:02:31 IST" skipped="0">
  <testcase classname="August19.ExcelRead" name="login" time="17.044"/>
</testsuite> <!-- August19.ExcelRead -->
