<?xml version="1.0" encoding="UTF-8"?>
<!-- Generated by org.testng.reporters.JUnitReportReporter -->
<testsuite hostname="SivaSai" failures="0" tests="3" name="com.wipro.testing.TestNglab" time="0.020" errors="0" timestamp="2025-08-23T11:43:18 IST" skipped="0">
  <testcase classname="com.wipro.testing.TestNglab" name="login" time="0.018"/>
  <testcase classname="com.wipro.testing.TestNglab" name="paymenttest" time="0.001"/>
  <testcase classname="com.wipro.testing.TestNglab" name="logouttest" time="0.001"/>
</testsuite> <!-- com.wipro.testing.TestNglab -->
