<?xml version="1.0" encoding="UTF-8"?>
<!-- Generated by org.testng.reporters.JUnitReportReporter -->
<testsuite hostname="SivaSai" failures="0" tests="3" name="August19Lab.LoginModify" time="48.575" errors="0" timestamp="2025-08-23T10:58:20 IST" skipped="0">
  <testcase classname="August19Lab.LoginModify" name="validlogin" time="15.224"/>
  <testcase classname="August19Lab.LoginModify" name="negativeuser" time="14.852"/>
  <testcase classname="August19Lab.LoginModify" name="negativepass" time="18.499"/>
</testsuite> <!-- August19Lab.LoginModify -->
