<?xml version="1.0" encoding="UTF-8"?>
<!-- Generated by org.testng.reporters.JUnitReportReporter -->
<testsuite hostname="SivaSai" failures="0" tests="1" name="August18.Booking" time="0.039" errors="0" timestamp="2025-08-18T10:33:26 IST" skipped="0">
  <testcase classname="August18.Booking" name="book" time="0.039"/>
</testsuite> <!-- August18.Booking -->
