<?xml version="1.0" encoding="UTF-8"?>
<!-- Generated by org.testng.reporters.JUnitReportReporter -->
<testsuite hostname="SivaSai" failures="0" tests="3" name="August20.TestNgDataProviders" time="57.239" errors="0" timestamp="2025-08-20T09:31:47 IST" skipped="0">
  <testcase classname="August20.TestNgDataProviders" name="loginTest" time="18.971"/>
  <testcase classname="August20.TestNgDataProviders" name="loginTest" time="19.585"/>
  <testcase classname="August20.TestNgDataProviders" name="loginTest" time="18.683"/>
</testsuite> <!-- August20.TestNgDataProviders -->
