<?xml version="1.0" encoding="UTF-8"?>
<!-- Generated by org.testng.reporters.JUnitReportReporter -->
<testsuite hostname="SivaSai" failures="0" tests="3" name="August19.Annotations" time="0.029" errors="0" timestamp="2025-08-19T10:47:53 IST" skipped="0">
  <testcase classname="August19.Annotations" name="testcase2" time="0.006"/>
  <testcase classname="August19.Annotations" name="testcase1" time="0.019"/>
  <testcase classname="August19.Annotations" name="testcase3" time="0.004"/>
</testsuite> <!-- August19.Annotations -->
