<?xml version="1.0" encoding="UTF-8"?>
<!-- Generated by org.testng.reporters.JUnitReportReporter -->
<testsuite hostname="SivaSai" failures="0" tests="2" name="com.wipro.testing.TestNgTestCase" time="30.980" errors="0" timestamp="2025-08-23T11:45:31 IST" skipped="0">
  <testcase classname="com.wipro.testing.TestNgTestCase" name="launchbrowser" time="15.577"/>
  <testcase classname="com.wipro.testing.TestNgTestCase" name="login" time="15.403"/>
</testsuite> <!-- com.wipro.testing.TestNgTestCase -->
