<?xml version="1.0" encoding="UTF-8"?>
<!-- Generated by org.testng.reporters.JUnitReportReporter -->
<testsuite hostname="SivaSai" failures="0" tests="1" name="August18.ModifyAddtoCart" time="40.667" errors="0" timestamp="2025-08-19T09:53:10 IST" skipped="0">
  <testcase classname="August18.ModifyAddtoCart" name="mobile" time="40.667"/>
</testsuite> <!-- August18.ModifyAddtoCart -->
