<?xml version="1.0" encoding="UTF-8"?>
<!-- Generated by org.testng.reporters.JUnitReportReporter -->
<testsuite hostname="SivaSai" failures="0" tests="1" name="com.wipro.seleniumgrid.SeliniumGridTestCase" time="43.347" errors="0" timestamp="2025-08-20T15:27:29 IST" skipped="0">
  <testcase classname="com.wipro.seleniumgrid.SeliniumGridTestCase" name="login" time="43.347"/>
</testsuite> <!-- com.wipro.seleniumgrid.SeliniumGridTestCase -->
