<?xml version="1.0" encoding="UTF-8"?>
<!-- Generated by org.testng.reporters.JUnitReportReporter -->
<testsuite hostname="SivaSai" failures="0" tests="2" name="com.wipro.testing.TestNgGroups" time="0.018" errors="0" timestamp="2025-08-16T16:33:46 IST" skipped="0">
  <testcase classname="com.wipro.testing.TestNgGroups" name="testcase1" time="0.015"/>
  <testcase classname="com.wipro.testing.TestNgGroups" name="testcase3" time="0.003"/>
</testsuite> <!-- com.wipro.testing.TestNgGroups -->
