<?xml version="1.0" encoding="UTF-8"?>
<!-- Generated by org.testng.reporters.JUnitReportReporter -->
<testsuite hostname="SivaSai" failures="0" tests="1" name="com.wipro.testing.TestNgParameters" time="0.010" errors="0" timestamp="2025-08-16T15:56:03 IST" skipped="0">
  <testcase classname="com.wipro.testing.TestNgParameters" name="testparameters" time="0.010"/>
</testsuite> <!-- com.wipro.testing.TestNgParameters -->
