<?xml version="1.0" encoding="UTF-8"?>
<!-- Generated by org.testng.reporters.JUnitReportReporter -->
<testsuite hostname="SivaSai" failures="0" tests="2" name="com.wipro.testing.TestNgMultiple" time="25.237" errors="0" timestamp="2025-08-16T14:54:27 IST" skipped="0">
  <testcase classname="com.wipro.testing.TestNgMultiple" name="testalerts" time="21.022"/>
  <testcase classname="com.wipro.testing.TestNgMultiple" name="launchbrowser" time="4.215"/>
</testsuite> <!-- com.wipro.testing.TestNgMultiple -->
